<?xml version="1.0" encoding="UTF-8"?>
<!-- Generated by org.testng.reporters.JUnitReportReporter -->
<testsuite hostname="NHUTBM" name="Excercise02.isEnabled_isDisplayed_isSelected_Combobox" tests="3" failures="0" timestamp="27 Feb 2019 04:45:57 GMT" time="16.853" errors="0">
  <testcase name="Testcase03" time="5.882" classname="Excercise02.isEnabled_isDisplayed_isSelected_Combobox"/>
  <testcase name="Testcase02" time="9.144" classname="Excercise02.isEnabled_isDisplayed_isSelected_Combobox"/>
  <testcase name="Testcase01" time="1.827" classname="Excercise02.isEnabled_isDisplayed_isSelected_Combobox"/>
</testsuite> <!-- Excercise02.isEnabled_isDisplayed_isSelected_Combobox -->
