<?xml version="1.0" encoding="UTF-8"?>
<!-- Generated by org.testng.reporters.JUnitReportReporter -->
<testsuite hostname="NHUTBM" name="Excercise02.isEnabled_isDisplayed_isSelected_Combobox" tests="1" failures="0" timestamp="26 Feb 2019 09:18:19 GMT" time="6.490" errors="0">
  <testcase name="Testcase03" time="6.490" classname="Excercise02.isEnabled_isDisplayed_isSelected_Combobox"/>
</testsuite> <!-- Excercise02.isEnabled_isDisplayed_isSelected_Combobox -->
