<?xml version="1.0" encoding="UTF-8"?>
<!-- Generated by org.testng.reporters.JUnitReportReporter -->
<testsuite hostname="NHUTBM" name="Excercise02.isEnabled_isDisplayed_isSelected_Combobox" tests="3" failures="0" timestamp="2 Mar 2019 07:12:34 GMT" time="31.028" errors="0">
  <testcase name="Testcase03" time="13.905" classname="Excercise02.isEnabled_isDisplayed_isSelected_Combobox"/>
  <testcase name="Testcase02" time="14.785" classname="Excercise02.isEnabled_isDisplayed_isSelected_Combobox"/>
  <testcase name="Testcase01" time="2.338" classname="Excercise02.isEnabled_isDisplayed_isSelected_Combobox"/>
</testsuite> <!-- Excercise02.isEnabled_isDisplayed_isSelected_Combobox -->
