<?xml version="1.0" encoding="UTF-8"?>
<!-- Generated by org.testng.reporters.JUnitReportReporter -->
<testsuite hostname="NHUTBM" name="Excercise05.iframe" tests="1" failures="0" timestamp="4 Mar 2019 03:46:47 GMT" time="22.152" errors="0">
  <testcase name="Testcase04" time="22.152" classname="Excercise05.iframe"/>
</testsuite> <!-- Excercise05.iframe -->
