<?xml version="1.0" encoding="UTF-8"?>
<!-- Generated by org.testng.reporters.JUnitReportReporter -->
<testsuite hostname="NHUTBM" name="Webdriver.textbox" tests="1" failures="0" timestamp="24 Feb 2019 09:52:38 GMT" time="3.361" errors="0">
  <testcase name="testcase01" time="3.361" classname="Webdriver.textbox"/>
</testsuite> <!-- Webdriver.textbox -->
