<?xml version="1.0" encoding="UTF-8"?>
<!-- Generated by org.testng.reporters.JUnitReportReporter -->
<testsuite hostname="NHUTBM" name="Excercise01.ButtonRadiobuttonCheckboxCombobox" tests="1" failures="0" timestamp="26 Feb 2019 03:34:22 GMT" time="20.622" errors="0">
  <testcase name="Testcase04" time="20.622" classname="Excercise01.ButtonRadiobuttonCheckboxCombobox"/>
</testsuite> <!-- Excercise01.ButtonRadiobuttonCheckboxCombobox -->
