<?xml version="1.0" encoding="UTF-8"?>
<!-- Generated by org.testng.reporters.JUnitReportReporter -->
<testsuite hostname="NHUTBM" name="Excercise06.Alert" tests="1" failures="0" timestamp="5 Mar 2019 02:44:24 GMT" time="9.395" errors="0">
  <testcase name="Testcase01" time="9.395" classname="Excercise06.Alert"/>
</testsuite> <!-- Excercise06.Alert -->
