<?xml version="1.0" encoding="UTF-8"?>
<!-- Generated by org.testng.reporters.JUnitReportReporter -->
<testsuite hostname="NHUTBM" name="Excercise03.UserInteraction" tests="1" failures="0" timestamp="9 Mar 2019 06:58:52 GMT" time="49.516" errors="0">
  <testcase name="Testcase08" time="49.516" classname="Excercise03.UserInteraction"/>
</testsuite> <!-- Excercise03.UserInteraction -->
